Дата и время: 2023-03-24 20:55:56.769706
Имя функции: hello_world
Аргументы: ((), {})
Значение: Hello World
Дата и время: 2023-03-24 20:55:56.770706
Имя функции: summator
Аргументы: ((2, 2), {})
Значение: 4
Дата и время: 2023-03-24 20:55:56.770706
Имя функции: div
Аргументы: ((6, 2), {})
Значение: 3.0
Дата и время: 2023-03-24 20:55:56.771706
Имя функции: summator
Аргументы: ((4.3,), {'b': 2.2})
Значение: 6.5
Дата и время: 2023-03-24 20:55:56.771706
Имя функции: summator
Аргументы: ((), {'a': 0, 'b': 0})
Значение: 0
